/Users/kouki/backup
/Users/kouki/bucket
/Users/kouki/Desktop
/Users/kouki/Documents
/Users/kouki/Downloads
/Users/kouki/Library
/Users/kouki/Movies
/Users/kouki/Music
/Users/kouki/Pictures
/Users/kouki/Public
/Users/kouki/solarized
/Users/fukuda/dotfiles/.vim/plugged
/usr/local/anaconda3/bin/qml.app/Contents
/Users/fukuda/solarized/osx-terminal.app-colors-solarized
/Users/fukuda/python/introduction_to_ml_with_python/__pycache__
/Users/fukuda/python/introduction_to_ml_with_python/cache
/Users/fukuda/python/introduction_to_ml_with_python/data
/Users/fukuda/python/introduction_to_ml_with_python/images
/Users/fukuda/python/introduction_to_ml_with_python/mglearn
/usr/local/anaconda3
/usr/local/anaconda3/bin/Assistant.app
/usr/local/anaconda3/bin/Designer.app
/usr/local/anaconda3/bin/Linguist.app
/usr/local/anaconda3/bin/pixeltool.app
/usr/include
/usr/lib
/usr/libexec
/usr/local
/usr/sbin
/usr/share
/usr/standalone
/Applications
/cores
/dev
/Library
/net
/opt
/private
/System
/Volumes
/Users/fukuda/Library/com.apple.nsurlsessiond/5C191B41B85964975463638FAD57F73CB1F3418D
/Users/fukuda/Library/com.apple.nsurlsessiond/E8C9768780A371F36651AB699D884E881706B377
/Users/fukuda/Downloads/eggx/examples.euc
/Users/fukuda/Downloads/eggx/examples.utf-8
/Users/fukuda/Downloads/eggx/examples_academic
/Users/fukuda/Downloads/eggx/examples_game
/Users/fukuda/Downloads/eggx/examples_tutorial
/Users/fukuda/Downloads/eggx/tools
/Users/fukuda/Yaplot/utils
/Users/fukuda/Library/Accounts
/Users/fukuda/Library/Application Scripts
/Users/fukuda/Library/Application Support
/Users/fukuda/Library/Assistant
/Users/fukuda/Library/Assistants
/Users/fukuda/Library/Audio
/Users/fukuda/Library/Autosave Information
/Users/fukuda/Library/Caches
/Users/fukuda/Library/Calendars
/Users/fukuda/Library/CallServices
/Users/fukuda/Library/ColorPickers
/Users/fukuda/Library/Colors
/Users/fukuda/Library/Compositions
/Users/fukuda/Library/Containers
/Users/fukuda/Library/Cookies
/Users/fukuda/Library/CoreData
/Users/fukuda/Library/CoreFollowUp
/Users/fukuda/Library/Developer
/Users/fukuda/Library/Dictionaries
/Users/fukuda/Library/Favorites
/Users/fukuda/Library/FontCollections
/Users/fukuda/Library/Fonts
/Users/fukuda/Library/Google
/Users/fukuda/Library/Group Containers
/Users/fukuda/Library/IdentityServices
/Users/fukuda/Library/iMovie
/Users/fukuda/Library/Input Methods
/Users/fukuda/Library/Internet Plug-Ins
/Users/fukuda/Library/iTunes
/Users/fukuda/Library/Keyboard
/Users/fukuda/Library/Keyboard Layouts
/Users/fukuda/Library/KeyboardServices
/Users/fukuda/Library/Keychains
/Users/fukuda/Library/LanguageModeling
/Users/fukuda/Library/LaunchAgents
/Users/fukuda/Library/Logs
/Users/fukuda/Library/Mail
/Users/fukuda/Library/Maps
/Users/fukuda/Library/Messages
/Users/fukuda/Library/Metadata
/Users/fukuda/Library/Mozilla
/Users/fukuda/Library/Passes
/Users/fukuda/Library/PreferencePanes
/Users/fukuda/Library/Preferences
/Users/fukuda/Library/Printers
/Users/fukuda/Library/PubSub
/Users/fukuda/Library/Safari
/Users/fukuda/Library/Saved Application State
/Users/fukuda/Library/Screen Savers
/Users/fukuda/Library/Services
/Users/fukuda/Library/Sharing
/Users/fukuda/Library/Sounds
/Users/fukuda/Library/Spelling
/Users/fukuda/Library/Suggestions
/Users/fukuda/Library/SyncedPreferences
/Users/fukuda/Library/Thunderbird
/Users/fukuda/Library/Voices
/Users/fukuda/Library/WebKit
/Users/Shared
/Users/fukuda/chike/canonical
/Users/fukuda/chike/wang-landau
/Users/fukuda/program/a.out.dSYM
/Users/fukuda/program/fpu.dSYM
/Users/fukuda/program/ising
/Users/fukuda/program/ising1cutcal
/Users/fukuda/program/ising2ani
/Users/fukuda/program/ising3multi
/Users/fukuda/program/ising4cutcal
/Users/fukuda/Applications
/Users/fukuda/Desktop
/Users/fukuda/Documents
/Users/fukuda/emacs-24.5
/Users/fukuda/emacs-24.5-mac-5.9
/Users/fukuda/Movies
/Users/fukuda/Music
/Users/fukuda/opt
/Users/fukuda/Pictures
/Users/fukuda/Public
/Users/fukuda/test
/Users/fukuda/program/subtera/sub1
/Users/fukuda/chike
/Users/fukuda/Library
/Users/fukuda/program/ising5fast
/Users/fukuda/cpp
/Users/fukuda/Yaplot
/Users/fukuda/program/go
/Users/fukuda/Library/com.apple.nsurlsessiond
/Users/fukuda/program/subtera
/Users/fukuda/program/subtera/subn
/Users/fukuda/go
/Users/fukuda/Downloads
/Users/fukuda/go1
/Users
/Network
/home
/sbin
/usr
/usr/bin
/usr/local/anaconda3/bin
/Users/fukuda/program
/Users/fukuda/Downloads/eggx
/Users/fukuda/.zplug
/Users/fukuda/python
/Users/fukuda/python/introduction_to_ml_with_python
/Users/fukuda/solarized
/usr/local/anaconda3/bin/qml.app
/Users/fukuda/bucket/bucket
/Users/fukuda/bucket
/
/bin
/Users/fukuda/vimbackup/.vim
/Users/fukuda/vimbackup2/.vim
/Users/fukuda/dotfiles/.vim/plugged/lexima.vim
/Users/fukuda/dotfiles/.vim
/Users/fukuda/.vim
/Users/fukuda/vimbackup
/Users/fukuda/vimbackup2
/Users/fukuda/dotfiles2/.vim/plugged
/Users/fukuda/dotfiles
/Users/fukuda/dotfiles2/.vim
/Users/fukuda/gdrive
/Users/fukuda/dotfiles2
/Users/fukuda
/Users/fukuda/dotfiles2/dotfiles3
/Users/kouki/dotfiles3
/Users/kouki/dotfiles3/.vim
/Users/kouki/gdrive
/Users/kouki
/Users/kouki/dotfiles3
